Build started 3/3/2022 7:26:57 AM.
     1>Project "G:\SST\2021 - 2022 Courses\C++\MyC++\Lab Exercise 3.10.2022\Frogger_C\Frogger_C\Frogger_C.vcxproj" on node 2 (build target(s)).
     1>InitializeBuildStatus:
         Creating "Debug\Frogger_C.unsuccessfulbuild" because "AlwaysCreate" was specified.
       ClCompile:
         C:\Program Files (x86)\Microsoft Visual Studio 10.0\VC\bin\CL.exe /c /ZI /nologo /W3 /WX- /Od /Oy- /D _MBCS /Gm /EHsc /RTC1 /MDd /GS /fp:precise /Zc:wchar_t /Zc:forScope /Fo"Debug\\" /Fd"Debug\vc100.pdb" /Gd /TP /analyze- /errorReport:prompt main.cpp
         main.cpp
     1>g:\sst\2021 - 2022 courses\c++\myc++\lab exercise 3.10.2022\frogger_c\frogger_c\main.cpp(26): warning C4996: 'scanf': This function or variable may be unsafe. Consider using scanf_s instead. To disable deprecation, use _CRT_SECURE_NO_WARNINGS. See online help for details.
                 c:\program files (x86)\microsoft visual studio 10.0\vc\include\stdio.h(304) : see declaration of 'scanf'
     1>g:\sst\2021 - 2022 courses\c++\myc++\lab exercise 3.10.2022\frogger_c\frogger_c\main.cpp(27): warning C4244: 'argument' : conversion from 'time_t' to 'unsigned int', possible loss of data
     1>g:\sst\2021 - 2022 courses\c++\myc++\lab exercise 3.10.2022\frogger_c\frogger_c\main.cpp(109): warning C4244: 'return' : conversion from 'double' to 'float', possible loss of data
       Link:
         C:\Program Files (x86)\Microsoft Visual Studio 10.0\VC\bin\link.exe /ERRORREPORT:PROMPT /OUT:"G:\SST\2021 - 2022 Courses\C++\MyC++\Lab Exercise 3.10.2022\Frogger_C\Debug\Frogger_C.exe" /NOLOGO kernel32.lib user32.lib gdi32.lib winspool.lib comdlg32.lib advapi32.lib shell32.lib ole32.lib oleaut32.lib uuid.lib odbc32.lib odbccp32.lib /MANIFEST /ManifestFile:"Debug\Frogger_C.exe.intermediate.manifest" /MANIFESTUAC:"level='asInvoker' uiAccess='false'" /DEBUG /PDB:"G:\SST\2021 - 2022 Courses\C++\MyC++\Lab Exercise 3.10.2022\Frogger_C\Debug\Frogger_C.pdb" /SUBSYSTEM:CONSOLE /TLBID:1 /DYNAMICBASE /NXCOMPAT /IMPLIB:"G:\SST\2021 - 2022 Courses\C++\MyC++\Lab Exercise 3.10.2022\Frogger_C\Debug\Frogger_C.lib" /MACHINE:X86 Debug\main.obj
         LINK : G:\SST\2021 - 2022 Courses\C++\MyC++\Lab Exercise 3.10.2022\Frogger_C\Debug\Frogger_C.exe not found or not built by the last incremental link; performing full link
         Frogger_C.vcxproj -> G:\SST\2021 - 2022 Courses\C++\MyC++\Lab Exercise 3.10.2022\Frogger_C\Debug\Frogger_C.exe
       Manifest:
         C:\Program Files (x86)\Microsoft SDKs\Windows\v7.0A\bin\mt.exe /nologo /verbose /outputresource:"G:\SST\2021 - 2022 Courses\C++\MyC++\Lab Exercise 3.10.2022\Frogger_C\Debug\Frogger_C.exe;#1" /manifest Debug\Frogger_C.exe.intermediate.manifest
       FinalizeBuildStatus:
         Deleting file "Debug\Frogger_C.unsuccessfulbuild".
         Touching "Debug\Frogger_C.lastbuildstate".
     1>Done Building Project "G:\SST\2021 - 2022 Courses\C++\MyC++\Lab Exercise 3.10.2022\Frogger_C\Frogger_C\Frogger_C.vcxproj" (build target(s)).

Build succeeded.

Time Elapsed 00:00:01.55
