Build started 3/26/2021 1:42:44 PM.
     1>Project "F:\SST\2020 - 2021 Courses\C++\MyC++\Lab Exercise 3.17.2021\Problem 2\Problem 2\Problem 2.vcxproj" on node 2 (build target(s)).
     1>InitializeBuildStatus:
         Creating "Debug\Problem 2.unsuccessfulbuild" because "AlwaysCreate" was specified.
       ClCompile:
         C:\Program Files (x86)\Microsoft Visual Studio 10.0\VC\bin\CL.exe /c /ZI /nologo /W3 /WX- /Od /Oy- /D _MBCS /Gm /EHsc /RTC1 /MDd /GS /fp:precise /Zc:wchar_t /Zc:forScope /Fo"Debug\\" /Fd"Debug\vc100.pdb" /Gd /TP /analyze- /errorReport:prompt main.cpp
         main.cpp
     1>f:\sst\2020 - 2021 courses\c++\myc++\lab exercise 3.17.2021\problem 2\problem 2\main.cpp(19): warning C4244: 'argument' : conversion from 'time_t' to 'unsigned int', possible loss of data
       Link:
         C:\Program Files (x86)\Microsoft Visual Studio 10.0\VC\bin\link.exe /ERRORREPORT:PROMPT /OUT:"F:\SST\2020 - 2021 Courses\C++\MyC++\Lab Exercise 3.17.2021\Problem 2\Debug\Problem 2.exe" /NOLOGO kernel32.lib user32.lib gdi32.lib winspool.lib comdlg32.lib advapi32.lib shell32.lib ole32.lib oleaut32.lib uuid.lib odbc32.lib odbccp32.lib /MANIFEST /ManifestFile:"Debug\Problem 2.exe.intermediate.manifest" /MANIFESTUAC:"level='asInvoker' uiAccess='false'" /DEBUG /PDB:"F:\SST\2020 - 2021 Courses\C++\MyC++\Lab Exercise 3.17.2021\Problem 2\Debug\Problem 2.pdb" /SUBSYSTEM:CONSOLE /TLBID:1 /DYNAMICBASE /NXCOMPAT /IMPLIB:"F:\SST\2020 - 2021 Courses\C++\MyC++\Lab Exercise 3.17.2021\Problem 2\Debug\Problem 2.lib" /MACHINE:X86 Debug\main.obj
         LINK : F:\SST\2020 - 2021 Courses\C++\MyC++\Lab Exercise 3.17.2021\Problem 2\Debug\Problem 2.exe not found or not built by the last incremental link; performing full link
         Problem 2.vcxproj -> F:\SST\2020 - 2021 Courses\C++\MyC++\Lab Exercise 3.17.2021\Problem 2\Debug\Problem 2.exe
       Manifest:
         C:\Program Files (x86)\Microsoft SDKs\Windows\v7.0A\bin\mt.exe /nologo /verbose /outputresource:"F:\SST\2020 - 2021 Courses\C++\MyC++\Lab Exercise 3.17.2021\Problem 2\Debug\Problem 2.exe;#1" /manifest "Debug\Problem 2.exe.intermediate.manifest"
       FinalizeBuildStatus:
         Deleting file "Debug\Problem 2.unsuccessfulbuild".
         Touching "Debug\Problem 2.lastbuildstate".
     1>Done Building Project "F:\SST\2020 - 2021 Courses\C++\MyC++\Lab Exercise 3.17.2021\Problem 2\Problem 2\Problem 2.vcxproj" (build target(s)).

Build succeeded.

Time Elapsed 00:00:01.26
