Build started 3/6/2020 12:05:40 PM.
     1>Project "G:\SST\2019 - 2020 Courses\C++\MyC++\Lab Exercise 3.12.2020\Frogger_CPP\Frogger_CPP\Frogger_CPP.vcxproj" on node 2 (build target(s)).
     1>InitializeBuildStatus:
         Creating "Debug\Frogger_CPP.unsuccessfulbuild" because "AlwaysCreate" was specified.
       ClCompile:
         C:\Program Files (x86)\Microsoft Visual Studio 10.0\VC\bin\CL.exe /c /ZI /nologo /W3 /WX- /Od /Oy- /D _MBCS /Gm /EHsc /RTC1 /MDd /GS /fp:precise /Zc:wchar_t /Zc:forScope /Fo"Debug\\" /Fd"Debug\vc100.pdb" /Gd /TP /analyze- /errorReport:prompt frog.cpp main.cpp
         main.cpp
     1>g:\sst\2019 - 2020 courses\c++\myc++\lab exercise 3.12.2020\frogger_cpp\frogger_cpp\main.cpp(24): warning C4996: 'getch': The POSIX name for this item is deprecated. Instead, use the ISO C++ conformant name: _getch. See online help for details.
                 c:\program files (x86)\microsoft visual studio 10.0\vc\include\conio.h(128) : see declaration of 'getch'
         frog.cpp
     1>g:\sst\2019 - 2020 courses\c++\myc++\lab exercise 3.12.2020\frogger_cpp\frogger_cpp\frog.cpp(13): warning C4244: 'argument' : conversion from 'time_t' to 'unsigned int', possible loss of data
         Generating Code...
       Link:
         C:\Program Files (x86)\Microsoft Visual Studio 10.0\VC\bin\link.exe /ERRORREPORT:PROMPT /OUT:"G:\SST\2019 - 2020 Courses\C++\MyC++\Lab Exercise 3.12.2020\Frogger_CPP\Debug\Frogger_CPP.exe" /NOLOGO kernel32.lib user32.lib gdi32.lib winspool.lib comdlg32.lib advapi32.lib shell32.lib ole32.lib oleaut32.lib uuid.lib odbc32.lib odbccp32.lib /MANIFEST /ManifestFile:"Debug\Frogger_CPP.exe.intermediate.manifest" /MANIFESTUAC:"level='asInvoker' uiAccess='false'" /DEBUG /PDB:"G:\SST\2019 - 2020 Courses\C++\MyC++\Lab Exercise 3.12.2020\Frogger_CPP\Debug\Frogger_CPP.pdb" /SUBSYSTEM:CONSOLE /TLBID:1 /DYNAMICBASE /NXCOMPAT /IMPLIB:"G:\SST\2019 - 2020 Courses\C++\MyC++\Lab Exercise 3.12.2020\Frogger_CPP\Debug\Frogger_CPP.lib" /MACHINE:X86 Debug\frog.obj
         Debug\main.obj
         LINK : G:\SST\2019 - 2020 Courses\C++\MyC++\Lab Exercise 3.12.2020\Frogger_CPP\Debug\Frogger_CPP.exe not found or not built by the last incremental link; performing full link
         Frogger_CPP.vcxproj -> G:\SST\2019 - 2020 Courses\C++\MyC++\Lab Exercise 3.12.2020\Frogger_CPP\Debug\Frogger_CPP.exe
       Manifest:
         C:\Program Files (x86)\Microsoft SDKs\Windows\v7.0A\bin\mt.exe /nologo /verbose /outputresource:"G:\SST\2019 - 2020 Courses\C++\MyC++\Lab Exercise 3.12.2020\Frogger_CPP\Debug\Frogger_CPP.exe;#1" /manifest Debug\Frogger_CPP.exe.intermediate.manifest
       FinalizeBuildStatus:
         Deleting file "Debug\Frogger_CPP.unsuccessfulbuild".
         Touching "Debug\Frogger_CPP.lastbuildstate".
     1>Done Building Project "G:\SST\2019 - 2020 Courses\C++\MyC++\Lab Exercise 3.12.2020\Frogger_CPP\Frogger_CPP\Frogger_CPP.vcxproj" (build target(s)).

Build succeeded.

Time Elapsed 00:00:02.94
