Build started 3/11/2018 9:24:31 AM.
     1>Project "E:\SST\2017 - 2018 Courses\C++\MyC++\Lab Exercise 3.27.2017\Problem 1\Problem 1\Problem 1.vcxproj" on node 2 (build target(s)).
     1>InitializeBuildStatus:
         Creating "Debug\Problem 1.unsuccessfulbuild" because "AlwaysCreate" was specified.
       ClCompile:
         C:\Program Files (x86)\Microsoft Visual Studio 10.0\VC\bin\CL.exe /c /ZI /nologo /W3 /WX- /Od /Oy- /D _MBCS /Gm /EHsc /RTC1 /MDd /GS /fp:precise /Zc:wchar_t /Zc:forScope /Fo"Debug\\" /Fd"Debug\vc100.pdb" /Gd /TP /analyze- /errorReport:prompt sort.cpp
         sort.cpp
     1>e:\sst\2017 - 2018 courses\c++\myc++\lab exercise 3.27.2017\problem 1\problem 1\sort.cpp(34): warning C4244: 'argument' : conversion from 'time_t' to 'unsigned int', possible loss of data
     1>e:\sst\2017 - 2018 courses\c++\myc++\lab exercise 3.27.2017\problem 1\problem 1\sort.cpp(248): warning C4996: 'getch': The POSIX name for this item is deprecated. Instead, use the ISO C++ conformant name: _getch. See online help for details.
                 c:\program files (x86)\microsoft visual studio 10.0\vc\include\conio.h(128) : see declaration of 'getch'
     1>e:\sst\2017 - 2018 courses\c++\myc++\lab exercise 3.27.2017\problem 1\problem 1\sort.cpp(270): warning C4996: 'getch': The POSIX name for this item is deprecated. Instead, use the ISO C++ conformant name: _getch. See online help for details.
                 c:\program files (x86)\microsoft visual studio 10.0\vc\include\conio.h(128) : see declaration of 'getch'
     1>e:\sst\2017 - 2018 courses\c++\myc++\lab exercise 3.27.2017\problem 1\problem 1\sort.cpp(274): warning C4996: 'getch': The POSIX name for this item is deprecated. Instead, use the ISO C++ conformant name: _getch. See online help for details.
                 c:\program files (x86)\microsoft visual studio 10.0\vc\include\conio.h(128) : see declaration of 'getch'
       Link:
         C:\Program Files (x86)\Microsoft Visual Studio 10.0\VC\bin\link.exe /ERRORREPORT:PROMPT /OUT:"E:\SST\2017 - 2018 Courses\C++\MyC++\Lab Exercise 3.27.2017\Problem 1\Debug\Problem 1.exe" /NOLOGO kernel32.lib user32.lib gdi32.lib winspool.lib comdlg32.lib advapi32.lib shell32.lib ole32.lib oleaut32.lib uuid.lib odbc32.lib odbccp32.lib /MANIFEST /ManifestFile:"Debug\Problem 1.exe.intermediate.manifest" /MANIFESTUAC:"level='asInvoker' uiAccess='false'" /DEBUG /PDB:"E:\SST\2017 - 2018 Courses\C++\MyC++\Lab Exercise 3.27.2017\Problem 1\Debug\Problem 1.pdb" /SUBSYSTEM:CONSOLE /TLBID:1 /DYNAMICBASE /NXCOMPAT /IMPLIB:"E:\SST\2017 - 2018 Courses\C++\MyC++\Lab Exercise 3.27.2017\Problem 1\Debug\Problem 1.lib" /MACHINE:X86 Debug\sort.obj
         LINK : E:\SST\2017 - 2018 Courses\C++\MyC++\Lab Exercise 3.27.2017\Problem 1\Debug\Problem 1.exe not found or not built by the last incremental link; performing full link
         Problem 1.vcxproj -> E:\SST\2017 - 2018 Courses\C++\MyC++\Lab Exercise 3.27.2017\Problem 1\Debug\Problem 1.exe
       Manifest:
         C:\Program Files (x86)\Microsoft SDKs\Windows\v7.0A\bin\mt.exe /nologo /verbose /outputresource:"E:\SST\2017 - 2018 Courses\C++\MyC++\Lab Exercise 3.27.2017\Problem 1\Debug\Problem 1.exe;#1" /manifest "Debug\Problem 1.exe.intermediate.manifest"
       FinalizeBuildStatus:
         Deleting file "Debug\Problem 1.unsuccessfulbuild".
         Touching "Debug\Problem 1.lastbuildstate".
     1>Done Building Project "E:\SST\2017 - 2018 Courses\C++\MyC++\Lab Exercise 3.27.2017\Problem 1\Problem 1\Problem 1.vcxproj" (build target(s)).

Build succeeded.

Time Elapsed 00:00:04.10
